<?xml version="1.0" encoding="UTF-8"?>
<!-- Generated by org.testng.reporters.JUnitReportReporter -->
<testsuite skipped="0" hostname="DESKTOP-FLK511E" name="Tests.TelekomSearchDevices" tests="1" failures="0" timestamp="2020-09-12T22:08:38 CEST" time="4.688" errors="0">
  <testcase name="testTelekomSearchDevices" time="4.688" classname="Tests.TelekomSearchDevices"/>
  <system-out/>
</testsuite> <!-- Tests.TelekomSearchDevices -->
