<?xml version="1.0" encoding="UTF-8"?>
<!-- Generated by org.testng.reporters.JUnitReportReporter -->
<testsuite skipped="0" hostname="DESKTOP-FLK511E" name="Tests.Login" tests="1" failures="0" timestamp="2020-09-12T22:17:42 CEST" time="4.109" errors="0">
  <testcase name="testLogin" time="4.109" classname="Tests.Login"/>
  <system-out/>
</testsuite> <!-- Tests.Login -->
